<?xml version="1.0" encoding="UTF-8"?>
<testsuite xmlns:xsi="http://www.w3.org/2001/XMLSchema-instance" xsi:noNamespaceSchemaLocation="https://maven.apache.org/surefire/maven-surefire-plugin/xsd/surefire-test-report.xsd" name="com.cy.pj.sys.log.SysLogDaoTests" time="0.361" tests="3" errors="0" skipped="0" failures="0">
  <properties>
[...]
</properties>
  <testcase name="testFindPageObjects" classname="com.cy.pj.sys.log.SysLogDaoTests" time="0.289"/>
  <testcase name="testDeleteObjects" classname="com.cy.pj.sys.log.SysLogDaoTests" time="0.032"/>
  <testcase name="testGetRowCount" classname="com.cy.pj.sys.log.SysLogDaoTests" time="0.027"/>
</testsuite>